<?xml version="1.0" encoding="UTF-8"?>
<testng-results ignored="0" total="1" passed="1" failed="0" skipped="0">
  <reporter-output>
    <line>
      <![CDATA[Connection to Server]]>
    </line>
    <line>
      <![CDATA[Connection to DB]]>
    </line>
    <line>
      <![CDATA[Open the Browser]]>
    </line>
    <line>
      <![CDATA[Logged in Successfully]]>
    </line>
    <line>
      <![CDATA[Test Case got Executed]]>
    </line>
    <line>
      <![CDATA[Logged out successfully]]>
    </line>
    <line>
      <![CDATA[Close the browser]]>
    </line>
    <line>
      <![CDATA[Disconnection to DB]]>
    </line>
    <line>
      <![CDATA[Disconnection to Server]]>
    </line>
  </reporter-output>
  <suite started-at="2024-01-31T17:21:46 IST" name="Default suite" finished-at="2024-01-31T17:21:46 IST" duration-ms="48">
    <groups>
    </groups>
    <test started-at="2024-01-31T17:21:46 IST" name="Default test" finished-at="2024-01-31T17:21:46 IST" duration-ms="48">
      <class name="advanceSeleniumTesting.ConfigurationAnnotations">
        <test-method is-config="true" signature="connectServer()[pri:0, instance:advanceSeleniumTesting.ConfigurationAnnotations@5b247367]" started-at="2024-01-31T17:21:46 IST" name="connectServer" finished-at="2024-01-31T17:21:46 IST" duration-ms="10" status="PASS">
          <reporter-output>
            <line>
              <![CDATA[Connection to Server]]>
            </line>
          </reporter-output>
        </test-method> <!-- connectServer -->
        <test-method is-config="true" signature="connectDB()[pri:0, instance:advanceSeleniumTesting.ConfigurationAnnotations@5b247367]" started-at="2024-01-31T17:21:46 IST" name="connectDB" finished-at="2024-01-31T17:21:46 IST" duration-ms="2" status="PASS">
          <reporter-output>
            <line>
              <![CDATA[Connection to DB]]>
            </line>
          </reporter-output>
        </test-method> <!-- connectDB -->
        <test-method is-config="true" signature="openBrowser()[pri:0, instance:advanceSeleniumTesting.ConfigurationAnnotations@5b247367]" started-at="2024-01-31T17:21:46 IST" name="openBrowser" finished-at="2024-01-31T17:21:46 IST" duration-ms="1" status="PASS">
          <reporter-output>
            <line>
              <![CDATA[Open the Browser]]>
            </line>
          </reporter-output>
        </test-method> <!-- openBrowser -->
        <test-method is-config="true" signature="login()[pri:0, instance:advanceSeleniumTesting.ConfigurationAnnotations@5b247367]" started-at="2024-01-31T17:21:46 IST" name="login" finished-at="2024-01-31T17:21:46 IST" duration-ms="0" status="PASS">
          <reporter-output>
            <line>
              <![CDATA[Logged in Successfully]]>
            </line>
          </reporter-output>
        </test-method> <!-- login -->
        <test-method signature="testCase()[pri:0, instance:advanceSeleniumTesting.ConfigurationAnnotations@5b247367]" started-at="2024-01-31T17:21:46 IST" name="testCase" finished-at="2024-01-31T17:21:46 IST" duration-ms="4" status="PASS">
          <reporter-output>
            <line>
              <![CDATA[Test Case got Executed]]>
            </line>
          </reporter-output>
        </test-method> <!-- testCase -->
        <test-method is-config="true" signature="logout()[pri:0, instance:advanceSeleniumTesting.ConfigurationAnnotations@5b247367]" started-at="2024-01-31T17:21:46 IST" name="logout" finished-at="2024-01-31T17:21:46 IST" duration-ms="1" status="PASS">
          <reporter-output>
            <line>
              <![CDATA[Logged out successfully]]>
            </line>
          </reporter-output>
        </test-method> <!-- logout -->
        <test-method is-config="true" signature="closeBrowser()[pri:0, instance:advanceSeleniumTesting.ConfigurationAnnotations@5b247367]" started-at="2024-01-31T17:21:46 IST" name="closeBrowser" finished-at="2024-01-31T17:21:46 IST" duration-ms="0" status="PASS">
          <reporter-output>
            <line>
              <![CDATA[Close the browser]]>
            </line>
          </reporter-output>
        </test-method> <!-- closeBrowser -->
        <test-method is-config="true" signature="disConnectDB()[pri:0, instance:advanceSeleniumTesting.ConfigurationAnnotations@5b247367]" started-at="2024-01-31T17:21:46 IST" name="disConnectDB" finished-at="2024-01-31T17:21:46 IST" duration-ms="1" status="PASS">
          <reporter-output>
            <line>
              <![CDATA[Disconnection to DB]]>
            </line>
          </reporter-output>
        </test-method> <!-- disConnectDB -->
        <test-method is-config="true" signature="disConnectServer()[pri:0, instance:advanceSeleniumTesting.ConfigurationAnnotations@5b247367]" started-at="2024-01-31T17:21:46 IST" name="disConnectServer" finished-at="2024-01-31T17:21:46 IST" duration-ms="0" status="PASS">
          <reporter-output>
            <line>
              <![CDATA[Disconnection to Server]]>
            </line>
          </reporter-output>
        </test-method> <!-- disConnectServer -->
      </class> <!-- advanceSeleniumTesting.ConfigurationAnnotations -->
    </test> <!-- Default test -->
  </suite> <!-- Default suite -->
</testng-results>
